[0709/232621.784:ERROR:process_reader_win.cc(123)] NtOpenThread: {Access Denied} A process has requested access to an object, but has not been granted those access rights. (0xc0000022)
[0709/232621.786:ERROR:process_reader_win.cc(123)] NtOpenThread: {Access Denied} A process has requested access to an object, but has not been granted those access rights. (0xc0000022)
[0709/232621.782:ERROR:process_reader_win.cc(123)] NtOpenThread: {Access Denied} A process has requested access to an object, but has not been granted those access rights. (0xc0000022)
[0709/232621.815:ERROR:process_reader_win.cc(123)] NtOpenThread: {Access Denied} A process has requested access to an object, but has not been granted those access rights. (0xc0000022)
[0709/232621.791:ERROR:process_reader_win.cc(123)] NtOpenThread: {Access Denied} A process has requested access to an object, but has not been granted those access rights. (0xc0000022)
[0709/232621.783:ERROR:process_reader_win.cc(123)] NtOpenThread: {Access Denied} A process has requested access to an object, but has not been granted those access rights. (0xc0000022)
[0709/232621.877:ERROR:exception_snapshot_win.cc(98)] thread ID 8552 not found in process
[0709/232621.877:ERROR:exception_snapshot_win.cc(98)] thread ID 10712 not found in process
[0709/232621.877:ERROR:exception_snapshot_win.cc(98)] thread ID 7496 not found in process
[0709/232621.884:ERROR:exception_snapshot_win.cc(98)] thread ID 7080 not found in process
[0709/232621.884:ERROR:exception_snapshot_win.cc(98)] thread ID 4048 not found in process
[0709/232621.884:ERROR:exception_snapshot_win.cc(98)] thread ID 8032 not found in process
[1010/220921.802:ERROR:settings.cc(430)] Settings version is not 5
[1010/221921.825:ERROR:directory_reader_win.cc(43)] FindFirstFile: The system cannot find the path specified. (0x3)
[1011/121557.064:ERROR:directory_reader_win.cc(43)] FindFirstFile: The system cannot find the path specified. (0x3)
[1011/205932.796:ERROR:directory_reader_win.cc(43)] FindFirstFile: The system cannot find the path specified. (0x3)
[1012/230655.166:ERROR:directory_reader_win.cc(43)] FindFirstFile: The system cannot find the path specified. (0x3)
[1013/102538.241:ERROR:directory_reader_win.cc(43)] FindFirstFile: The system cannot find the path specified. (0x3)
[1013/124254.904:ERROR:directory_reader_win.cc(43)] FindFirstFile: The system cannot find the path specified. (0x3)
[1014/000927.851:ERROR:directory_reader_win.cc(43)] FindFirstFile: The system cannot find the path specified. (0x3)
[1014/070450.698:ERROR:filesystem_win.cc(129)] GetFileAttributes C:\Users\ibrah\AppData\Local\Microsoft\Edge\User Data\Crashpad\attachments\3475d619-282a-4cac-b6e1-27ec13419314: The system cannot find the path specified. (0x3)
[1015/002545.950:ERROR:directory_reader_win.cc(43)] FindFirstFile: The system cannot find the path specified. (0x3)
[1015/053323.587:ERROR:directory_reader_win.cc(43)] FindFirstFile: The system cannot find the path specified. (0x3)
[1015/155057.761:ERROR:directory_reader_win.cc(43)] FindFirstFile: The system cannot find the path specified. (0x3)
[1016/022229.965:ERROR:directory_reader_win.cc(43)] FindFirstFile: The system cannot find the path specified. (0x3)
